{"C:\\Users\\shiju\\Documents\\webprojects\\javascript\\array-polyfills\\methods\\ArrayAt.js": {"path":"C:\\Users\\shiju\\Documents\\webprojects\\javascript\\array-polyfills\\methods\\ArrayAt.js","all":false,"statementMap":{"0":{"start":{"line":1,"column":0},"end":{"line":1,"column":41}},"1":{"start":{"line":2,"column":0},"end":{"line":2,"column":23}},"2":{"start":{"line":3,"column":0},"end":{"line":3,"column":33}},"3":{"start":{"line":4,"column":0},"end":{"line":4,"column":53}},"4":{"start":{"line":5,"column":0},"end":{"line":5,"column":20}},"5":{"start":{"line":6,"column":0},"end":{"line":6,"column":2}},"6":{"start":{"line":7,"column":0},"end":{"line":7,"column":0}},"7":{"start":{"line":8,"column":0},"end":{"line":8,"column":33}}},"s":{"0":1,"1":1,"2":1,"3":1,"4":1,"5":1,"6":1,"7":1},"branchMap":{"0":{"type":"branch","line":1,"loc":{"start":{"line":1,"column":24},"end":{"line":6,"column":2}},"locations":[{"start":{"line":1,"column":24},"end":{"line":6,"column":2}}]},"1":{"type":"branch","line":3,"loc":{"start":{"line":3,"column":17},"end":{"line":3,"column":22}},"locations":[{"start":{"line":3,"column":17},"end":{"line":3,"column":22}}]},"2":{"type":"branch","line":4,"loc":{"start":{"line":4,"column":36},"end":{"line":4,"column":43}},"locations":[{"start":{"line":4,"column":36},"end":{"line":4,"column":43}}]}},"b":{"0":[1],"1":[0],"2":[0]},"fnMap":{"0":{"name":"ArrayAtPolyFill","decl":{"start":{"line":1,"column":24},"end":{"line":6,"column":2}},"loc":{"start":{"line":1,"column":24},"end":{"line":6,"column":2}},"line":1}},"f":{"0":1}}
}
